MONGODB [DEBUG] Logging level is currently :debug which could negatively impact client-side performance. You should set your logging level no lower than :info in production.
MONGODB (0ms) admin['$cmd'].find({:ismaster=>1}).limit(-1)
MONGODB [DEBUG] Logging level is currently :debug which could negatively impact client-side performance. You should set your logging level no lower than :info in production.
MONGODB (0ms) admin['$cmd'].find({:ismaster=>1}).limit(-1)


Started GET "/" for 127.0.0.1 at 2012-06-11 20:49:23 -0700
Processing by HomeController#index as HTML
MONGODB (9ms) rails3_mongoid_devise_development['system.namespaces'].find({})
MONGODB (0ms) rails3_mongoid_devise_development['users'].find({})
  Rendered home/index.html.erb within layouts/application (67.0ms)
Compiled home.css  (1ms)  (pid 1196)
Compiled users.css  (1ms)  (pid 1196)
Compiled application.css  (88ms)  (pid 1196)
Compiled jquery.js  (3ms)  (pid 1196)
Compiled jquery_ujs.js  (0ms)  (pid 1196)
Compiled home.js  (707ms)  (pid 1196)
Compiled users.js  (350ms)  (pid 1196)
Compiled application.js  (1193ms)  (pid 1196)
  Rendered layouts/_navigation.html.erb (3.0ms)
  Rendered layouts/_messages.html.erb (30.2ms)
Completed 200 OK in 1471ms (Views: 1470.5ms)


Started GET "/assets/application.css?body=1" for 127.0.0.1 at 2012-06-11 20:49:24 -0700
Served asset /application.css - 200 OK (5ms)


Started GET "/assets/users.css?body=1" for 127.0.0.1 at 2012-06-11 20:49:24 -0700
Served asset /users.css - 304 Not Modified (1ms)


Started GET "/assets/home.css?body=1" for 127.0.0.1 at 2012-06-11 20:49:24 -0700
Served asset /home.css - 304 Not Modified (6ms)


Started GET "/assets/jquery.js?body=1" for 127.0.0.1 at 2012-06-11 20:49:24 -0700
Served asset /jquery.js - 304 Not Modified (3ms)


Started GET "/assets/users.js?body=1" for 127.0.0.1 at 2012-06-11 20:49:24 -0700
Served asset /users.js - 304 Not Modified (7ms)


Started GET "/assets/jquery_ujs.js?body=1" for 127.0.0.1 at 2012-06-11 20:49:24 -0700
Served asset /jquery_ujs.js - 304 Not Modified (2ms)


Started GET "/assets/application.js?body=1" for 127.0.0.1 at 2012-06-11 20:49:25 -0700
Served asset /application.js - 200 OK (9ms)


Started GET "/assets/home.js?body=1" for 127.0.0.1 at 2012-06-11 20:49:25 -0700
Served asset /home.js - 304 Not Modified (1ms)


Started GET "/" for 127.0.0.1 at 2012-06-11 20:51:44 -0700

NameError (uninitialized constant Idealist):
  config/routes.rb:1:in `<top (required)>'


  Rendered /Users/andrewvalish/.rvm/gems/ruby-1.9.3-p125/gems/actionpack-3.2.3/lib/action_dispatch/middleware/templates/rescues/_trace.erb (2.6ms)
  Rendered /Users/andrewvalish/.rvm/gems/ruby-1.9.3-p125/gems/actionpack-3.2.3/lib/action_dispatch/middleware/templates/rescues/_request_and_response.erb (1.3ms)
  Rendered /Users/andrewvalish/.rvm/gems/ruby-1.9.3-p125/gems/actionpack-3.2.3/lib/action_dispatch/middleware/templates/rescues/diagnostics.erb within rescues/layout (17.0ms)


Started GET "/" for 127.0.0.1 at 2012-06-11 20:51:45 -0700

ActionController::RoutingError (No route matches [GET] "/"):
  actionpack (3.2.3) lib/action_dispatch/middleware/debug_exceptions.rb:21:in `call'
  actionpack (3.2.3) lib/action_dispatch/middleware/show_exceptions.rb:56:in `call'
  railties (3.2.3) lib/rails/rack/logger.rb:26:in `call_app'
  railties (3.2.3) lib/rails/rack/logger.rb:16:in `call'
  actionpack (3.2.3) lib/action_dispatch/middleware/request_id.rb:22:in `call'
  rack (1.4.1) lib/rack/methodoverride.rb:21:in `call'
  rack (1.4.1) lib/rack/runtime.rb:17:in `call'
  activesupport (3.2.3) lib/active_support/cache/strategy/local_cache.rb:72:in `call'
  rack (1.4.1) lib/rack/lock.rb:15:in `call'
  actionpack (3.2.3) lib/action_dispatch/middleware/static.rb:62:in `call'
  railties (3.2.3) lib/rails/engine.rb:479:in `call'
  railties (3.2.3) lib/rails/application.rb:220:in `call'
  rack (1.4.1) lib/rack/content_length.rb:14:in `call'
  railties (3.2.3) lib/rails/rack/log_tailer.rb:14:in `call'
  rack (1.4.1) lib/rack/handler/webrick.rb:59:in `service'
  /Users/andrewvalish/.rvm/rubies/ruby-1.9.3-p125/lib/ruby/1.9.1/webrick/httpserver.rb:138:in `service'
  /Users/andrewvalish/.rvm/rubies/ruby-1.9.3-p125/lib/ruby/1.9.1/webrick/httpserver.rb:94:in `run'
  /Users/andrewvalish/.rvm/rubies/ruby-1.9.3-p125/lib/ruby/1.9.1/webrick/server.rb:191:in `block in start_thread'


  Rendered /Users/andrewvalish/.rvm/gems/ruby-1.9.3-p125/gems/actionpack-3.2.3/lib/action_dispatch/middleware/templates/rescues/routing_error.erb within rescues/layout (0.7ms)


Started GET "/" for 127.0.0.1 at 2012-06-11 20:51:46 -0700

ActionController::RoutingError (No route matches [GET] "/"):
  actionpack (3.2.3) lib/action_dispatch/middleware/debug_exceptions.rb:21:in `call'
  actionpack (3.2.3) lib/action_dispatch/middleware/show_exceptions.rb:56:in `call'
  railties (3.2.3) lib/rails/rack/logger.rb:26:in `call_app'
  railties (3.2.3) lib/rails/rack/logger.rb:16:in `call'
  actionpack (3.2.3) lib/action_dispatch/middleware/request_id.rb:22:in `call'
  rack (1.4.1) lib/rack/methodoverride.rb:21:in `call'
  rack (1.4.1) lib/rack/runtime.rb:17:in `call'
  activesupport (3.2.3) lib/active_support/cache/strategy/local_cache.rb:72:in `call'
  rack (1.4.1) lib/rack/lock.rb:15:in `call'
  actionpack (3.2.3) lib/action_dispatch/middleware/static.rb:62:in `call'
  railties (3.2.3) lib/rails/engine.rb:479:in `call'
  railties (3.2.3) lib/rails/application.rb:220:in `call'
  rack (1.4.1) lib/rack/content_length.rb:14:in `call'
  railties (3.2.3) lib/rails/rack/log_tailer.rb:14:in `call'
  rack (1.4.1) lib/rack/handler/webrick.rb:59:in `service'
  /Users/andrewvalish/.rvm/rubies/ruby-1.9.3-p125/lib/ruby/1.9.1/webrick/httpserver.rb:138:in `service'
  /Users/andrewvalish/.rvm/rubies/ruby-1.9.3-p125/lib/ruby/1.9.1/webrick/httpserver.rb:94:in `run'
  /Users/andrewvalish/.rvm/rubies/ruby-1.9.3-p125/lib/ruby/1.9.1/webrick/server.rb:191:in `block in start_thread'


  Rendered /Users/andrewvalish/.rvm/gems/ruby-1.9.3-p125/gems/actionpack-3.2.3/lib/action_dispatch/middleware/templates/rescues/routing_error.erb within rescues/layout (0.7ms)
MONGODB [DEBUG] Logging level is currently :debug which could negatively impact client-side performance. You should set your logging level no lower than :info in production.
MONGODB (0ms) admin['$cmd'].find({:ismaster=>1}).limit(-1)


Started GET "/" for 127.0.0.1 at 2012-06-11 20:51:56 -0700
Processing by HomeController#index as HTML
MONGODB (0ms) idealist_development['system.namespaces'].find({})
MONGODB (1957ms) idealist_development['$cmd'].find({:create=>"users"}).limit(-1)
MONGODB (29ms) idealist_development['users'].find({})
  Rendered home/index.html.erb within layouts/application (1993.8ms)
  Rendered layouts/_navigation.html.erb (2.8ms)
  Rendered layouts/_messages.html.erb (0.9ms)
Completed 200 OK in 2102ms (Views: 2101.3ms)


Started GET "/assets/home.css?body=1" for 127.0.0.1 at 2012-06-11 20:51:58 -0700
Served asset /home.css - 304 Not Modified (2ms)


Started GET "/assets/users.css?body=1" for 127.0.0.1 at 2012-06-11 20:51:58 -0700
Served asset /users.css - 304 Not Modified (2ms)


Started GET "/assets/application.css?body=1" for 127.0.0.1 at 2012-06-11 20:51:58 -0700
Served asset /application.css - 304 Not Modified (3ms)


Started GET "/assets/jquery.js?body=1" for 127.0.0.1 at 2012-06-11 20:51:58 -0700
Served asset /jquery.js - 304 Not Modified (3ms)


Started GET "/assets/jquery_ujs.js?body=1" for 127.0.0.1 at 2012-06-11 20:51:58 -0700
Served asset /jquery_ujs.js - 304 Not Modified (2ms)


Started GET "/assets/home.js?body=1" for 127.0.0.1 at 2012-06-11 20:51:58 -0700
Served asset /home.js - 304 Not Modified (1ms)


Started GET "/assets/users.js?body=1" for 127.0.0.1 at 2012-06-11 20:51:58 -0700
Served asset /users.js - 304 Not Modified (1ms)


Started GET "/assets/application.js?body=1" for 127.0.0.1 at 2012-06-11 20:51:58 -0700
Served asset /application.js - 304 Not Modified (9ms)


Started GET "/" for 127.0.0.1 at 2012-06-11 20:52:20 -0700
Processing by HomeController#index as HTML
MONGODB (0ms) idealist_development['users'].find({})
  Rendered home/index.html.erb within layouts/application (0.8ms)
  Rendered layouts/_navigation.html.erb (1.1ms)
  Rendered layouts/_messages.html.erb (0.1ms)
Completed 200 OK in 14ms (Views: 13.5ms)


Started GET "/assets/users.css?body=1" for 127.0.0.1 at 2012-06-11 20:52:20 -0700
Served asset /users.css - 304 Not Modified (0ms)


Started GET "/assets/home.css?body=1" for 127.0.0.1 at 2012-06-11 20:52:20 -0700
Served asset /home.css - 304 Not Modified (0ms)


Started GET "/assets/jquery_ujs.js?body=1" for 127.0.0.1 at 2012-06-11 20:52:20 -0700
Served asset /jquery_ujs.js - 304 Not Modified (0ms)


Started GET "/assets/home.js?body=1" for 127.0.0.1 at 2012-06-11 20:52:20 -0700
Served asset /home.js - 304 Not Modified (0ms)


Started GET "/assets/jquery.js?body=1" for 127.0.0.1 at 2012-06-11 20:52:20 -0700
Served asset /jquery.js - 304 Not Modified (0ms)


Started GET "/assets/application.css?body=1" for 127.0.0.1 at 2012-06-11 20:52:20 -0700
Served asset /application.css - 304 Not Modified (0ms)


Started GET "/assets/users.js?body=1" for 127.0.0.1 at 2012-06-11 20:52:20 -0700
Served asset /users.js - 304 Not Modified (0ms)


Started GET "/assets/application.js?body=1" for 127.0.0.1 at 2012-06-11 20:52:20 -0700
Served asset /application.js - 304 Not Modified (0ms)


Started GET "/" for 127.0.0.1 at 2012-06-11 20:52:31 -0700
Processing by HomeController#index as HTML
MONGODB (0ms) idealist_development['users'].find({})
  Rendered home/index.html.erb within layouts/application (1.1ms)
  Rendered layouts/_navigation.html.erb (2.2ms)
  Rendered layouts/_messages.html.erb (0.1ms)
Completed 200 OK in 12ms (Views: 11.7ms)


Started GET "/assets/home.css?body=1" for 127.0.0.1 at 2012-06-11 20:52:31 -0700
Served asset /home.css - 304 Not Modified (0ms)


Started GET "/assets/jquery.js?body=1" for 127.0.0.1 at 2012-06-11 20:52:31 -0700
Served asset /jquery.js - 304 Not Modified (0ms)


Started GET "/assets/jquery_ujs.js?body=1" for 127.0.0.1 at 2012-06-11 20:52:31 -0700
Served asset /jquery_ujs.js - 304 Not Modified (0ms)


Started GET "/assets/users.css?body=1" for 127.0.0.1 at 2012-06-11 20:52:31 -0700
Served asset /users.css - 304 Not Modified (0ms)


Started GET "/assets/application.css?body=1" for 127.0.0.1 at 2012-06-11 20:52:31 -0700
Served asset /application.css - 304 Not Modified (0ms)


Started GET "/assets/home.js?body=1" for 127.0.0.1 at 2012-06-11 20:52:31 -0700
Served asset /home.js - 304 Not Modified (0ms)


Started GET "/assets/users.js?body=1" for 127.0.0.1 at 2012-06-11 20:52:31 -0700
Served asset /users.js - 304 Not Modified (0ms)


Started GET "/assets/application.js?body=1" for 127.0.0.1 at 2012-06-11 20:52:31 -0700
Served asset /application.js - 304 Not Modified (0ms)


Started GET "/users/sign_up" for 127.0.0.1 at 2012-06-11 20:52:44 -0700
Processing by Devise::RegistrationsController#new as HTML
  Rendered devise/shared/_links.erb (2.0ms)
  Rendered devise/registrations/new.html.erb within layouts/application (16.6ms)
  Rendered layouts/_navigation.html.erb (1.0ms)
  Rendered layouts/_messages.html.erb (0.1ms)
Completed 200 OK in 78ms (Views: 27.1ms)


Started GET "/assets/application.css?body=1" for 127.0.0.1 at 2012-06-11 20:52:44 -0700
Served asset /application.css - 304 Not Modified (0ms)


Started GET "/assets/users.css?body=1" for 127.0.0.1 at 2012-06-11 20:52:44 -0700
Served asset /users.css - 304 Not Modified (0ms)


Started GET "/assets/home.css?body=1" for 127.0.0.1 at 2012-06-11 20:52:44 -0700
Served asset /home.css - 304 Not Modified (0ms)


Started GET "/assets/jquery.js?body=1" for 127.0.0.1 at 2012-06-11 20:52:44 -0700
Served asset /jquery.js - 304 Not Modified (0ms)


Started GET "/assets/jquery_ujs.js?body=1" for 127.0.0.1 at 2012-06-11 20:52:44 -0700
Served asset /jquery_ujs.js - 304 Not Modified (0ms)


Started GET "/assets/home.js?body=1" for 127.0.0.1 at 2012-06-11 20:52:44 -0700
Served asset /home.js - 304 Not Modified (0ms)


Started GET "/assets/application.js?body=1" for 127.0.0.1 at 2012-06-11 20:52:44 -0700
Served asset /application.js - 304 Not Modified (0ms)


Started GET "/assets/users.js?body=1" for 127.0.0.1 at 2012-06-11 20:52:44 -0700
Served asset /users.js - 304 Not Modified (0ms)


Started GET "/users/sign_in" for 127.0.0.1 at 2012-06-11 20:52:48 -0700
Processing by Devise::SessionsController#new as HTML
  Rendered devise/shared/_links.erb (0.8ms)
  Rendered devise/sessions/new.html.erb within layouts/application (5.6ms)
  Rendered layouts/_navigation.html.erb (1.0ms)
  Rendered layouts/_messages.html.erb (0.0ms)
Completed 200 OK in 17ms (Views: 15.7ms)


Started GET "/assets/application.css?body=1" for 127.0.0.1 at 2012-06-11 20:52:48 -0700
Served asset /application.css - 304 Not Modified (0ms)


Started GET "/assets/home.css?body=1" for 127.0.0.1 at 2012-06-11 20:52:48 -0700
Served asset /home.css - 304 Not Modified (0ms)


Started GET "/assets/users.css?body=1" for 127.0.0.1 at 2012-06-11 20:52:48 -0700
Served asset /users.css - 304 Not Modified (0ms)


Started GET "/assets/jquery_ujs.js?body=1" for 127.0.0.1 at 2012-06-11 20:52:48 -0700
Served asset /jquery_ujs.js - 304 Not Modified (0ms)


Started GET "/assets/users.js?body=1" for 127.0.0.1 at 2012-06-11 20:52:48 -0700
Served asset /users.js - 304 Not Modified (0ms)


Started GET "/assets/home.js?body=1" for 127.0.0.1 at 2012-06-11 20:52:48 -0700
Served asset /home.js - 304 Not Modified (0ms)


Started GET "/assets/jquery.js?body=1" for 127.0.0.1 at 2012-06-11 20:52:48 -0700
Served asset /jquery.js - 304 Not Modified (0ms)


Started GET "/assets/application.js?body=1" for 127.0.0.1 at 2012-06-11 20:52:48 -0700
Served asset /application.js - 304 Not Modified (1ms)


Started GET "/users/sign_up" for 127.0.0.1 at 2012-06-11 20:52:52 -0700
Processing by Devise::RegistrationsController#new as HTML
  Rendered devise/shared/_links.erb (0.5ms)
  Rendered devise/registrations/new.html.erb within layouts/application (4.5ms)
  Rendered layouts/_navigation.html.erb (0.9ms)
  Rendered layouts/_messages.html.erb (0.1ms)
Completed 200 OK in 14ms (Views: 13.4ms)


Started GET "/assets/home.css?body=1" for 127.0.0.1 at 2012-06-11 20:52:52 -0700
Served asset /home.css - 304 Not Modified (0ms)


Started GET "/assets/users.css?body=1" for 127.0.0.1 at 2012-06-11 20:52:52 -0700
Served asset /users.css - 304 Not Modified (0ms)


Started GET "/assets/home.js?body=1" for 127.0.0.1 at 2012-06-11 20:52:52 -0700
Served asset /home.js - 304 Not Modified (0ms)


Started GET "/assets/jquery.js?body=1" for 127.0.0.1 at 2012-06-11 20:52:52 -0700
Served asset /jquery.js - 304 Not Modified (0ms)


Started GET "/assets/application.css?body=1" for 127.0.0.1 at 2012-06-11 20:52:52 -0700
Served asset /application.css - 304 Not Modified (0ms)


Started GET "/assets/jquery_ujs.js?body=1" for 127.0.0.1 at 2012-06-11 20:52:52 -0700
Served asset /jquery_ujs.js - 304 Not Modified (0ms)


Started GET "/assets/users.js?body=1" for 127.0.0.1 at 2012-06-11 20:52:52 -0700
Served asset /users.js - 304 Not Modified (0ms)


Started GET "/assets/application.js?body=1" for 127.0.0.1 at 2012-06-11 20:52:52 -0700
Served asset /application.js - 304 Not Modified (0ms)


Started POST "/users" for 127.0.0.1 at 2012-06-11 20:53:06 -0700
Processing by Devise::RegistrationsController#create as HTML
  Parameters: {"utf8"=>"✓", "authenticity_token"=>"ZPLVK9Jc2xVOOVh2zoIOdA4WXZxR/DK/Fb9Ca/H2Lgo=", "user"=>{"name"=>"useruser1", "email"=>"whatever@mail.com", "password"=>"[FILTERED]", "password_confirmation"=>"[FILTERED]"}, "commit"=>"Sign up"}
MONGODB (0ms) idealist_development['$cmd'].find({"count"=>"users", "query"=>{:email=>"whatever@mail.com"}, "fields"=>nil}).limit(-1)
MONGODB (0ms) idealist_development['users'].insert([{"idea_ids"=>[], "email"=>"whatever@mail.com", "encrypted_password"=>"$2a$10$rSd.X6uWaHWYgA2NDOqOVOzFC9F8GjT0P57oXrEoH.pkYkmrjRRUK", "sign_in_count"=>0, "_id"=>BSON::ObjectId('4fd6bd221127cd04cb000004'), "name"=>"useruser1"}])
MONGODB (0ms) idealist_development['users'].update({"_id"=>BSON::ObjectId('4fd6bd221127cd04cb000004')}, {"$set"=>{"last_sign_in_at"=>2012-06-12 03:53:06 UTC, "current_sign_in_at"=>2012-06-12 03:53:06 UTC, "last_sign_in_ip"=>"127.0.0.1", "current_sign_in_ip"=>"127.0.0.1", "sign_in_count"=>1}})
Redirected to http://localhost:3000/users
Completed 302 Found in 193ms


Started GET "/users" for 127.0.0.1 at 2012-06-11 20:53:06 -0700
Processing by UsersController#index as HTML
MONGODB (0ms) idealist_development['users'].find({:_id=>BSON::ObjectId('4fd6bd221127cd04cb000004')}).limit(-1).sort([[:_id, :asc]])
MONGODB (0ms) idealist_development['users'].find({})
  Rendered users/index.html.erb within layouts/application (3.4ms)
Completed 500 Internal Server Error in 9ms

ActionView::Template::Error (undefined method `created_at' for #<User:0x172896c>):
    3: <ul class="users">
    4:   <% @users.each do |user| %>
    5:     <li>
    6:       <%= link_to user.name, user %> signed up <%= user.created_at.to_date %>
    7:     </li>
    8:   <% end %>
    9: </ul>
  app/views/users/index.html.erb:6:in `block in _app_views_users_index_html_erb__53518030_12033960'
  app/views/users/index.html.erb:4:in `_app_views_users_index_html_erb__53518030_12033960'


  Rendered /Users/andrewvalish/.rvm/gems/ruby-1.9.3-p125/gems/actionpack-3.2.3/lib/action_dispatch/middleware/templates/rescues/_trace.erb (5.5ms)
  Rendered /Users/andrewvalish/.rvm/gems/ruby-1.9.3-p125/gems/actionpack-3.2.3/lib/action_dispatch/middleware/templates/rescues/_request_and_response.erb (1.4ms)
  Rendered /Users/andrewvalish/.rvm/gems/ruby-1.9.3-p125/gems/actionpack-3.2.3/lib/action_dispatch/middleware/templates/rescues/template_error.erb within rescues/layout (20.9ms)


Started GET "/users" for 127.0.0.1 at 2012-06-11 20:53:27 -0700
Processing by UsersController#index as HTML
MONGODB (0ms) idealist_development['users'].find({:_id=>BSON::ObjectId('4fd6bd221127cd04cb000004')}).limit(-1).sort([[:_id, :asc]])
MONGODB (0ms) idealist_development['users'].find({})
  Rendered users/index.html.erb within layouts/application (2.0ms)
  Rendered layouts/_navigation.html.erb (1.0ms)
  Rendered layouts/_messages.html.erb (0.1ms)
Completed 200 OK in 12ms (Views: 10.9ms)


Started GET "/assets/users.css?body=1" for 127.0.0.1 at 2012-06-11 20:53:27 -0700
Served asset /users.css - 304 Not Modified (0ms)


Started GET "/assets/home.css?body=1" for 127.0.0.1 at 2012-06-11 20:53:27 -0700
Served asset /home.css - 304 Not Modified (0ms)


Started GET "/assets/application.css?body=1" for 127.0.0.1 at 2012-06-11 20:53:27 -0700
Served asset /application.css - 304 Not Modified (1ms)


Started GET "/assets/home.js?body=1" for 127.0.0.1 at 2012-06-11 20:53:27 -0700
Served asset /home.js - 304 Not Modified (0ms)


Started GET "/assets/jquery.js?body=1" for 127.0.0.1 at 2012-06-11 20:53:27 -0700
Served asset /jquery.js - 304 Not Modified (0ms)


Started GET "/assets/jquery_ujs.js?body=1" for 127.0.0.1 at 2012-06-11 20:53:27 -0700
Served asset /jquery_ujs.js - 304 Not Modified (0ms)


Started GET "/assets/users.js?body=1" for 127.0.0.1 at 2012-06-11 20:53:27 -0700
Served asset /users.js - 304 Not Modified (0ms)


Started GET "/assets/application.js?body=1" for 127.0.0.1 at 2012-06-11 20:53:27 -0700
Served asset /application.js - 304 Not Modified (0ms)


Started GET "/users/4fd6bd221127cd04cb000004" for 127.0.0.1 at 2012-06-11 20:53:33 -0700
Processing by UsersController#show as HTML
  Parameters: {"id"=>"4fd6bd221127cd04cb000004"}
MONGODB (0ms) idealist_development['users'].find({:_id=>BSON::ObjectId('4fd6bd221127cd04cb000004')}).limit(-1).sort([[:_id, :asc]])
MONGODB (0ms) idealist_development['users'].find({:_id=>BSON::ObjectId('4fd6bd221127cd04cb000004')}).limit(-1).sort([[:_id, :asc]])
  Rendered users/show.html.erb within layouts/application (0.5ms)
  Rendered layouts/_navigation.html.erb (0.9ms)
  Rendered layouts/_messages.html.erb (0.0ms)
Completed 200 OK in 12ms (Views: 9.3ms)


Started GET "/assets/application.css?body=1" for 127.0.0.1 at 2012-06-11 20:53:33 -0700
Served asset /application.css - 304 Not Modified (0ms)


Started GET "/assets/home.css?body=1" for 127.0.0.1 at 2012-06-11 20:53:33 -0700
Served asset /home.css - 304 Not Modified (0ms)


Started GET "/assets/users.css?body=1" for 127.0.0.1 at 2012-06-11 20:53:33 -0700
Served asset /users.css - 304 Not Modified (0ms)


Started GET "/assets/jquery.js?body=1" for 127.0.0.1 at 2012-06-11 20:53:33 -0700
Served asset /jquery.js - 304 Not Modified (0ms)


Started GET "/assets/jquery_ujs.js?body=1" for 127.0.0.1 at 2012-06-11 20:53:33 -0700
Served asset /jquery_ujs.js - 304 Not Modified (0ms)


Started GET "/assets/home.js?body=1" for 127.0.0.1 at 2012-06-11 20:53:33 -0700
Served asset /home.js - 304 Not Modified (0ms)


Started GET "/assets/application.js?body=1" for 127.0.0.1 at 2012-06-11 20:53:33 -0700
Served asset /application.js - 304 Not Modified (0ms)


Started GET "/assets/users.js?body=1" for 127.0.0.1 at 2012-06-11 20:53:33 -0700
Served asset /users.js - 304 Not Modified (0ms)


Started GET "/" for 127.0.0.1 at 2012-06-11 20:53:39 -0700
MONGODB (0ms) idealist_development['users'].find({:_id=>BSON::ObjectId('4fd6bd221127cd04cb000004')}).limit(-1).sort([[:_id, :asc]])
Processing by HomeController#index as HTML
MONGODB (0ms) idealist_development['users'].find({})
  Rendered home/index.html.erb within layouts/application (1.3ms)
  Rendered layouts/_navigation.html.erb (0.7ms)
  Rendered layouts/_messages.html.erb (0.0ms)
Completed 200 OK in 10ms (Views: 9.5ms)


Started GET "/assets/application.css?body=1" for 127.0.0.1 at 2012-06-11 20:53:39 -0700
Served asset /application.css - 304 Not Modified (0ms)


Started GET "/assets/users.css?body=1" for 127.0.0.1 at 2012-06-11 20:53:39 -0700
Served asset /users.css - 304 Not Modified (0ms)


Started GET "/assets/home.css?body=1" for 127.0.0.1 at 2012-06-11 20:53:39 -0700
Served asset /home.css - 304 Not Modified (0ms)


Started GET "/assets/home.js?body=1" for 127.0.0.1 at 2012-06-11 20:53:39 -0700
Served asset /home.js - 304 Not Modified (0ms)


Started GET "/assets/users.js?body=1" for 127.0.0.1 at 2012-06-11 20:53:39 -0700
Served asset /users.js - 304 Not Modified (0ms)


Started GET "/assets/jquery_ujs.js?body=1" for 127.0.0.1 at 2012-06-11 20:53:39 -0700
Served asset /jquery_ujs.js - 304 Not Modified (0ms)


Started GET "/assets/jquery.js?body=1" for 127.0.0.1 at 2012-06-11 20:53:39 -0700
Served asset /jquery.js - 304 Not Modified (0ms)


Started GET "/assets/application.js?body=1" for 127.0.0.1 at 2012-06-11 20:53:39 -0700
Served asset /application.js - 304 Not Modified (0ms)
